<?xml version="1.0" encoding="UTF-8"?>
<!-- Generated by org.testng.reporters.JUnitReportReporter -->
<testsuite hostname="SreepriyaLap" failures="0" tests="1" name="price.DWS_07_Price_07_Test" time="1.409" errors="0" timestamp="2023-11-02T22:08:47 IST" skipped="0">
  <testcase classname="price.DWS_07_Price_07_Test" name="verify_user_Is_Able_To_Filter_The_Product_By_Price_And_Validate_Them" time="1.409"/>
  <system-out/>
</testsuite> <!-- price.DWS_07_Price_07_Test -->
