<?xml version="1.0" encoding="UTF-8"?>
<!-- Generated by org.testng.reporters.JUnitReportReporter -->
<testsuite hostname="SreepriyaLap" failures="0" tests="1" name="cart.DWS_AddToCart_04_Test" time="4.509" errors="0" timestamp="2023-11-02T23:18:27 IST" skipped="0">
  <testcase classname="cart.DWS_AddToCart_04_Test" name="verify_user_is_able_to_add_the_product_computing_and_internet_from_book_module" time="4.509"/>
  <system-out/>
</testsuite> <!-- cart.DWS_AddToCart_04_Test -->
