<?xml version="1.0" encoding="UTF-8"?>
<!-- Generated by org.testng.reporters.JUnitReportReporter -->
<testsuite hostname="SreepriyaLap" failures="0" tests="1" name="cart.DWS_AddToCart_03_Test" time="6.043" errors="0" timestamp="2023-11-02T23:18:27 IST" skipped="0">
  <testcase classname="cart.DWS_AddToCart_03_Test" name="verify_user_is_able_to_add_product_virtual_gift_to_cart_and_valiadte" time="6.043"/>
  <system-out/>
</testsuite> <!-- cart.DWS_AddToCart_03_Test -->
