<?xml version="1.0" encoding="UTF-8"?>
<!-- Generated by org.testng.reporters.JUnitReportReporter -->
<testsuite hostname="SreepriyaLap" failures="0" tests="1" name="wishList.DWS_WishList_09" time="10.178" errors="0" timestamp="2023-11-02T23:18:27 IST" skipped="0">
  <testcase classname="wishList.DWS_WishList_09" name="verify_User_Is_Able_To_add_A_Product_To_Wishlist_And_Validatde_It" time="10.178"/>
  <system-out/>
</testsuite> <!-- wishList.DWS_WishList_09 -->
