<?xml version="1.0" encoding="UTF-8"?>
<!-- Generated by org.testng.reporters.JUnitReportReporter -->
<testsuite hostname="SreepriyaLap" failures="0" tests="1" name="utilityCheck.CaptureScreenshot" time="7.903" errors="0" timestamp="2023-10-25T14:16:13 IST" skipped="0">
  <testcase classname="utilityCheck.CaptureScreenshot" name="takesScreeenshot" time="7.903"/>
  <system-out/>
</testsuite> <!-- utilityCheck.CaptureScreenshot -->
