<?xml version="1.0" encoding="UTF-8"?>
<!-- Generated by org.testng.reporters.JUnitReportReporter -->
<testsuite hostname="SreepriyaLap" failures="0" tests="1" name="jwelry.DWS_07_Jwelry_07_Test" time="1.396" errors="0" timestamp="2023-11-01T22:15:10 IST" skipped="0">
  <testcase classname="jwelry.DWS_07_Jwelry_07_Test" name="verify_user_Is_Able_To_Filter_The_Product_By_Price_And_Validate_Them" time="1.396"/>
  <system-out/>
</testsuite> <!-- jwelry.DWS_07_Jwelry_07_Test -->
