<?xml version="1.0" encoding="UTF-8"?>
<!-- Generated by org.testng.reporters.JUnitReportReporter -->
<testsuite hostname="SreepriyaLap" failures="0" tests="1" name="signUp.DWS_Register_02_Test" time="2.664" errors="0" timestamp="2023-11-02T23:18:27 IST" skipped="0">
  <testcase classname="signUp.DWS_Register_02_Test" name="verify_user_is_able_to_register_with_valid_details" time="2.664"/>
  <system-out/>
</testsuite> <!-- signUp.DWS_Register_02_Test -->
