<?xml version="1.0" encoding="UTF-8"?>
<!-- Generated by org.testng.reporters.JUnitReportReporter -->
<testsuite hostname="SreepriyaLap" failures="0" tests="1" name="compareProduct.DWS_05_CompareProduct_06_Test" time="8.486" errors="0" timestamp="2023-11-01T12:35:43 IST" skipped="0">
  <testcase classname="compareProduct.DWS_05_CompareProduct_06_Test" name="verify_User_Is_Able_To_Remove_Products_From_Compare_Products" time="8.486"/>
  <system-out/>
</testsuite> <!-- compareProduct.DWS_05_CompareProduct_06_Test -->
