<?xml version="1.0" encoding="UTF-8"?>
<!-- Generated by org.testng.reporters.JUnitReportReporter -->
<testsuite hostname="SreepriyaLap" failures="0" tests="1" name="login.DWS_Login_01_Test" time="3.673" errors="0" timestamp="2023-11-02T23:18:27 IST" skipped="0">
  <testcase classname="login.DWS_Login_01_Test" name="verify_user_is_able_to_login_with_valid_credentials" time="3.673"/>
  <system-out/>
</testsuite> <!-- login.DWS_Login_01_Test -->
