<?xml version="1.0" encoding="UTF-8"?>
<!-- Generated by org.testng.reporters.JUnitReportReporter -->
<testsuite hostname="SreepriyaLap" failures="0" tests="3" name="utilityCheck.ReadDataFromExcelFile" time="0.007" errors="0" timestamp="2023-11-01T01:01:35 IST" skipped="0">
  <testcase classname="utilityCheck.ReadDataFromExcelFile" name="readdata" time="0.005"/>
  <system-out/>
  <testcase classname="utilityCheck.ReadDataFromExcelFile" name="readdata" time="0.001"/>
  <system-out/>
  <testcase classname="utilityCheck.ReadDataFromExcelFile" name="readdata" time="0.001"/>
  <system-out/>
</testsuite> <!-- utilityCheck.ReadDataFromExcelFile -->
