<?xml version="1.0" encoding="UTF-8"?>
<!-- Generated by org.testng.reporters.JUnitReportReporter -->
<testsuite hostname="SreepriyaLap" failures="0" tests="2" name="utilityCheck.FrameWorkCheck" time="0.026" errors="0" timestamp="2023-10-31T10:46:45 IST" skipped="0">
  <testcase classname="utilityCheck.FrameWorkCheck" name="sampleTest" time="0.025"/>
  <system-out/>
  <testcase classname="utilityCheck.FrameWorkCheck" name="sampleTest1" time="0.001"/>
  <system-out/>
</testsuite> <!-- utilityCheck.FrameWorkCheck -->
