<?xml version="1.0" encoding="UTF-8"?>
<!-- Generated by org.testng.reporters.JUnitReportReporter -->
<testsuite hostname="SreepriyaLap" failures="0" tests="1" name="email.DWS_Email_08_Test" time="7.756" errors="0" timestamp="2023-11-02T23:18:27 IST" skipped="0">
  <testcase classname="email.DWS_Email_08_Test" name="verify_User_Is_Able_To_Send_Mail_And_Validate_The_Error_Message" time="7.756"/>
  <system-out/>
</testsuite> <!-- email.DWS_Email_08_Test -->
