<?xml version="1.0" encoding="UTF-8"?>
<!-- Generated by org.testng.reporters.JUnitReportReporter -->
<testsuite hostname="SreepriyaLap" failures="0" tests="1" name="demo.Demo1" time="0.078" errors="0" timestamp="2023-11-10T13:28:23 IST" skipped="0">
  <testcase classname="demo.Demo1" name="demoMethod" time="0.078"/>
  <system-out/>
</testsuite> <!-- demo.Demo1 -->
